<?xml version="1.0" encoding="UTF-8"?>
<testsuite name="como usuario quiero registrarme en la pagina automation demo site" tests="1" skipped="0" failures="1" errors="0" timestamp="2022-04-27T20:38:54" hostname="DESKTOP-RSDLPR2" time="19.824">
  <properties/>
  <testcase name="realizar registro de usuario" classname="como usuario quiero registrarme en la pagina automation demo site" time="19.824">
    <failure message="java.lang.AssertionError: Expected condition failed: waiting for By.xpath:  to be displayed (tried for 5 second(s) with 100 milliseconds interval)&#10;Build info: version: '3.11.0', revision: 'e59cfb3', time: '2018-03-11T20:26:55.152Z'&#10;System info: host: 'DESKTOP-RSDLPR2', ip: '192.168.1.8', os.name: 'Windows 10', os.arch: 'amd64', os.version: '10.0', java.version: '1.8.0_131'&#10;Driver info: driver.version: unknown" type="java.lang.AssertionError">java.lang.AssertionError: Expected condition failed: waiting for By.xpath:  to be displayed (tried for 5 second(s) with 100 milliseconds interval)
Build info: version: '3.11.0', revision: 'e59cfb3', time: '2018-03-11T20:26:55.152Z'
System info: host: 'DESKTOP-RSDLPR2', ip: '192.168.1.8', os.name: 'Windows 10', os.arch: 'amd64', os.version: '10.0', java.version: '1.8.0_131'
Driver info: driver.version: unknown
	at net.serenitybdd.screenplay.ErrorTally.throwSummaryExceptionFrom(ErrorTally.java:36)
	at net.serenitybdd.screenplay.ErrorTally.reportAnyErrors(ErrorTally.java:30)
	at net.serenitybdd.screenplay.Actor.should(Actor.java:187)
	at co.com.choucair.retofinancial.stepdefinitions.RetoFinancialStepDefinitions.verificaQueSePresenteEnPantallaElMensajeDoubleClickOnEditIconToEDITTheTableRow(RetoFinancialStepDefinitions.java:33)
	at ✽.verifica que se presente en pantalla el mensaje Double Click on Edit icon to EDIT the Table Row(src/test/resources/feature/retofinancial.feature:13)
</failure>
  </testcase>
  <system-out><![CDATA[]]></system-out>
  <system-err><![CDATA[abr 27, 2022 3:38:55 PM org.openqa.selenium.remote.DesiredCapabilities chrome
INFORMACIÓN: Using `new ChromeOptions()` is preferred to `DesiredCapabilities.chrome()`
Starting ChromeDriver 100.0.4896.60 (6a5d10861ce8de5fce22564658033b43cb7de047-refs/branch-heads/4896@{#875}) on port 39661
Only local connections are allowed.
Please see https://chromedriver.chromium.org/security-considerations for suggestions on keeping ChromeDriver safe.
ChromeDriver was started successfully.
abr 27, 2022 3:38:56 PM org.openqa.selenium.remote.ProtocolHandshake createSession
INFORMACIÓN: Detected dialect: W3C
[Test worker] ERROR net.serenitybdd.core.Serenity - 
           __  _____ _____ ____ _____   _____ _    ___ _     _____ ____  
  _       / / |_   _| ____/ ___|_   _| |  ___/ \  |_ _| |   | ____|  _ \ 
 (_)_____| |    | | |  _| \___ \ | |   | |_ / _ \  | || |   |  _| | | | |
  _|_____| |    | | | |___ ___) || |   |  _/ ___ \ | || |___| |___| |_| |
 (_)     | |    |_| |_____|____/ |_|   |_|/_/   \_\___|_____|_____|____/ 
          \_\                                                            

TEST FAILED WITH ERROR: realizar registro de usuario
---------------------------------------------------------------------
[Test worker] ERROR net.serenitybdd.core.Serenity - TEST FAILED AT STEP Then verificar should be 'Double Click on Edit icon to EDIT the Table Row'
[Test worker] ERROR net.serenitybdd.core.Serenity - Expected condition failed: waiting for By.xpath:  to be displayed (tried for 5 second(s) with 100 milliseconds interval)Build info: version: '3.11.0', revision: 'e59cfb3', time: '2018-03-11T20:26:55.152Z'System info: host: 'DESKTOP-RSDLPR2', ip: '192.168.1.8', os.name: 'Windows 10', os.arch: 'amd64', os.version: '10.0', java.version: '1.8.0_131'Driver info: driver.version: unknown
]]></system-err>
</testsuite>
